app/android/build/intermediates/manifest_merge_blame_file/debug/processDebugMainManifest/manifest-merger-blame-debug-report.txt
1<?xml version="1.0" encoding="utf-8"?>
2<!--
3  Filename: AndroidManifest.xml
4  FullPath: apps/CWSP-reborn/app/android/AndroidManifest.xml
5  Change date and time: 08.35.00_30.08.2026
6  Reason for changes: queries for space.u2re.explorer so Open in Folder can resolve Explorer.
7  2026-07-21 (Bug A/B): register FilesPromptReceiver (exported=false) for
8  outgoing-share Dismiss + inbound files:offer Accept/Decline notification actions.
9  2026-07-21f: CwspFilesDocumentsProvider — SAF root "CWSP Files" for explorers.
10  2026-07-21g: READ_MEDIA_* / READ_EXTERNAL_STORAGE + MANAGE_EXTERNAL_STORAGE
11  (opt-in all-files via system settings; DocumentsProvider remains for our tree).
12-->
13<manifest xmlns:android="http://schemas.android.com/apk/res/android"
14    package="space.u2re.cwsp"
15    android:versionCode="207"
16    android:versionName="0.0.205" >
17
18    <uses-sdk
19        android:minSdkVersion="24"
20        android:targetSdkVersion="36" />
21
22    <uses-permission android:name="android.permission.INTERNET" />
22-->app/android/AndroidManifest.xml:16:5-67
22-->app/android/AndroidManifest.xml:16:22-64
23    <uses-permission android:name="android.permission.ACCESS_NETWORK_STATE" />
23-->app/android/AndroidManifest.xml:17:5-79
23-->app/android/AndroidManifest.xml:17:22-76
24    <uses-permission android:name="android.permission.FOREGROUND_SERVICE" />
24-->app/android/AndroidManifest.xml:18:5-77
24-->app/android/AndroidManifest.xml:18:22-74
25    <uses-permission android:name="android.permission.FOREGROUND_SERVICE_SPECIAL_USE" />
25-->app/android/AndroidManifest.xml:19:5-89
25-->app/android/AndroidManifest.xml:19:22-86
26    <uses-permission android:name="android.permission.POST_NOTIFICATIONS" />
26-->app/android/AndroidManifest.xml:20:5-77
26-->app/android/AndroidManifest.xml:20:22-74
27    <uses-permission android:name="android.permission.READ_CONTACTS" />
27-->app/android/AndroidManifest.xml:21:5-72
27-->app/android/AndroidManifest.xml:21:22-69
28    <uses-permission android:name="android.permission.VIBRATE" />
28-->app/android/AndroidManifest.xml:26:5-66
28-->app/android/AndroidManifest.xml:26:22-63
29    <uses-permission android:name="android.permission.ACCESS_NETWORK_STATE" />
29-->app/android/AndroidManifest.xml:17:5-79
29-->app/android/AndroidManifest.xml:17:22-76
30    <uses-permission android:name="android.permission.ACCESS_WIFI_STATE" />
30-->app/android/AndroidManifest.xml:28:5-76
30-->app/android/AndroidManifest.xml:28:22-73
31    <!-- WHY: in-app sideload of fleet/dev APK from gateway /releases/android. -->
32    <uses-permission android:name="android.permission.REQUEST_INSTALL_PACKAGES" />
32-->app/android/AndroidManifest.xml:30:5-83
32-->app/android/AndroidManifest.xml:30:22-80
33
34    <!--
35      File / shared-storage access (Capacitor files transfer).
36      Runtime: READ_MEDIA_* (API 33+) or READ_EXTERNAL_STORAGE (≤32).
37      Special access: MANAGE_EXTERNAL_STORAGE — user enables “Allow access to
38      manage all files” in system settings (not a normal runtime dialog).
39      Refs: https://developer.android.com/training/data-storage/manage-all-files
40            https://developer.android.com/reference/android/Manifest.permission
41      NOTE: Even with all-files, other apps' Android/data stays private; our
42      own tree is exposed via DocumentsProvider (CWSP Files).
43    -->
44    <uses-permission android:name="android.permission.READ_MEDIA_IMAGES" />
44-->app/android/AndroidManifest.xml:42:5-76
44-->app/android/AndroidManifest.xml:42:22-73
45    <uses-permission android:name="android.permission.READ_MEDIA_VIDEO" />
45-->app/android/AndroidManifest.xml:43:5-75
45-->app/android/AndroidManifest.xml:43:22-72
46    <uses-permission android:name="android.permission.READ_MEDIA_AUDIO" />
46-->app/android/AndroidManifest.xml:44:5-75
46-->app/android/AndroidManifest.xml:44:22-72
47    <uses-permission
47-->app/android/AndroidManifest.xml:45:5-47:38
48        android:name="android.permission.READ_EXTERNAL_STORAGE"
48-->app/android/AndroidManifest.xml:46:9-64
49        android:maxSdkVersion="32" />
49-->app/android/AndroidManifest.xml:47:9-35
50    <uses-permission
50-->app/android/AndroidManifest.xml:48:5-51:40
51        android:name="android.permission.WRITE_EXTERNAL_STORAGE"
51-->app/android/AndroidManifest.xml:49:9-65
52        android:maxSdkVersion="28" />
52-->app/android/AndroidManifest.xml:50:9-35
53    <uses-permission android:name="android.permission.MANAGE_EXTERNAL_STORAGE" />
53-->app/android/AndroidManifest.xml:52:5-54:40
53-->app/android/AndroidManifest.xml:53:9-66
54
55    <!-- WHY: Android 11+ hides sibling SKUs from getLaunchIntentForPackage / resolveActivity. -->
56    <queries>
56-->app/android/AndroidManifest.xml:57:5-70:15
57        <package android:name="space.u2re.explorer" />
57-->app/android/AndroidManifest.xml:58:9-55
57-->app/android/AndroidManifest.xml:58:18-52
58        <package android:name="space.u2re.document" />
58-->app/android/AndroidManifest.xml:59:9-55
58-->app/android/AndroidManifest.xml:59:18-52
59        <package android:name="space.u2re.process" />
59-->app/android/AndroidManifest.xml:60:9-54
59-->app/android/AndroidManifest.xml:60:18-51
60        <package android:name="space.u2re.cw" />
60-->app/android/AndroidManifest.xml:61:9-49
60-->app/android/AndroidManifest.xml:61:18-46
61
62        <intent>
62-->app/android/AndroidManifest.xml:62:9-65:18
63            <action android:name="android.intent.action.VIEW" />
63-->app/android/AndroidManifest.xml:63:13-65
63-->app/android/AndroidManifest.xml:63:21-62
64
65            <data android:mimeType="vnd.android.document/directory" />
65-->app/android/AndroidManifest.xml:64:13-71
65-->app/android/AndroidManifest.xml:64:19-68
66        </intent>
67        <intent>
67-->app/android/AndroidManifest.xml:66:9-69:18
68            <action android:name="android.intent.action.VIEW" />
68-->app/android/AndroidManifest.xml:63:13-65
68-->app/android/AndroidManifest.xml:63:21-62
69
70            <data android:mimeType="resource/folder" />
70-->app/android/AndroidManifest.xml:64:13-71
70-->app/android/AndroidManifest.xml:64:19-68
71        </intent>
72    </queries>
73
74    <permission
74-->[androidx.core:core:1.17.0] AndroidManifest.xml:22:5-24:47
75        android:name="space.u2re.cwsp.DYNAMIC_RECEIVER_NOT_EXPORTED_PERMISSION"
75-->[androidx.core:core:1.17.0] AndroidManifest.xml:23:9-81
76        android:protectionLevel="signature" />
76-->[androidx.core:core:1.17.0] AndroidManifest.xml:24:9-44
77
78    <uses-permission android:name="space.u2re.cwsp.DYNAMIC_RECEIVER_NOT_EXPORTED_PERMISSION" />
78-->[androidx.core:core:1.17.0] AndroidManifest.xml:26:5-97
78-->[androidx.core:core:1.17.0] AndroidManifest.xml:26:22-94
79
80    <application
81        android:allowBackup="false"
81-->app/android/AndroidManifest.xml:73:9-36
82        android:appComponentFactory="androidx.core.app.CoreComponentFactory"
82-->[androidx.core:core:1.17.0] AndroidManifest.xml:28:18-86
83        android:debuggable="true"
84        android:extractNativeLibs="false"
85        android:icon="@mipmap/ic_launcher"
85-->app/android/AndroidManifest.xml:74:9-43
86        android:label="@string/app_name"
86-->app/android/AndroidManifest.xml:75:9-41
87        android:networkSecurityConfig="@xml/network_security_config"
87-->app/android/AndroidManifest.xml:79:9-69
88        android:roundIcon="@mipmap/ic_launcher_round"
88-->app/android/AndroidManifest.xml:76:9-54
89        android:supportsRtl="true"
89-->app/android/AndroidManifest.xml:77:9-35
90        android:theme="@style/AppTheme.NoActionBar"
90-->app/android/AndroidManifest.xml:80:9-52
91        android:usesCleartextTraffic="false" >
91-->app/android/AndroidManifest.xml:78:9-61
92        <activity
92-->app/android/AndroidManifest.xml:83:9-99:20
93            android:name="space.u2re.cwsp.MainActivity"
93-->app/android/AndroidManifest.xml:84:13-56
94            android:configChanges="orientation|keyboardHidden|keyboard|screenSize|locale|smallestScreenSize|screenLayout|uiMode|navigation|density"
94-->app/android/AndroidManifest.xml:89:13-148
95            android:exported="true"
95-->app/android/AndroidManifest.xml:87:13-36
96            android:label="@string/title_activity_main"
96-->app/android/AndroidManifest.xml:85:13-56
97            android:launchMode="singleTask"
97-->app/android/AndroidManifest.xml:88:13-44
98            android:theme="@style/AppTheme.NoActionBarLaunch" >
98-->app/android/AndroidManifest.xml:86:13-62
99            <intent-filter>
99-->app/android/AndroidManifest.xml:90:13-93:29
100                <action android:name="android.intent.action.MAIN" />
100-->app/android/AndroidManifest.xml:91:17-69
100-->app/android/AndroidManifest.xml:91:25-66
101
102                <category android:name="android.intent.category.LAUNCHER" />
102-->app/android/AndroidManifest.xml:92:17-77
102-->app/android/AndroidManifest.xml:92:27-74
103            </intent-filter>
104            <!-- E2 / automation: am start -a space.u2re.cwsp.CONFIGURE -->
105            <intent-filter>
105-->app/android/AndroidManifest.xml:95:13-98:29
106                <action android:name="space.u2re.cwsp.CONFIGURE" />
106-->app/android/AndroidManifest.xml:96:17-68
106-->app/android/AndroidManifest.xml:96:25-65
107
108                <category android:name="android.intent.category.DEFAULT" />
108-->app/android/AndroidManifest.xml:97:17-76
108-->app/android/AndroidManifest.xml:97:27-73
109            </intent-filter>
110        </activity>
111
112        <!--
113             WHY: share must not open Capacitor WebView — transient overlay only.
114             INVARIANT: launchMode=standard — singleInstance can drop PROCESS_TEXT extras.
115        -->
116        <activity
116-->app/android/AndroidManifest.xml:103:9-157:20
117            android:name="space.u2re.cwsp.ShareActivity"
117-->app/android/AndroidManifest.xml:104:13-57
118            android:excludeFromRecents="true"
118-->app/android/AndroidManifest.xml:108:13-46
119            android:exported="true"
119-->app/android/AndroidManifest.xml:107:13-36
120            android:label="@string/app_name"
120-->app/android/AndroidManifest.xml:105:13-45
121            android:launchMode="standard"
121-->app/android/AndroidManifest.xml:110:13-42
122            android:taskAffinity=""
122-->app/android/AndroidManifest.xml:109:13-36
123            android:theme="@style/AppTheme.ShareOverlay" >
123-->app/android/AndroidManifest.xml:106:13-57
124            <intent-filter>
124-->app/android/AndroidManifest.xml:111:13-115:29
125                <action android:name="android.intent.action.SEND" />
125-->app/android/AndroidManifest.xml:112:17-69
125-->app/android/AndroidManifest.xml:112:25-66
126
127                <category android:name="android.intent.category.DEFAULT" />
127-->app/android/AndroidManifest.xml:97:17-76
127-->app/android/AndroidManifest.xml:97:27-73
128
129                <data android:mimeType="text/plain" />
129-->app/android/AndroidManifest.xml:64:13-71
129-->app/android/AndroidManifest.xml:64:19-68
130            </intent-filter>
131            <intent-filter>
131-->app/android/AndroidManifest.xml:116:13-120:29
132                <action android:name="android.intent.action.SEND" />
132-->app/android/AndroidManifest.xml:112:17-69
132-->app/android/AndroidManifest.xml:112:25-66
133
134                <category android:name="android.intent.category.DEFAULT" />
134-->app/android/AndroidManifest.xml:97:17-76
134-->app/android/AndroidManifest.xml:97:27-73
135
136                <data android:mimeType="image/*" />
136-->app/android/AndroidManifest.xml:64:13-71
136-->app/android/AndroidManifest.xml:64:19-68
137            </intent-filter>
138            <intent-filter>
138-->app/android/AndroidManifest.xml:121:13-125:29
139                <action android:name="android.intent.action.SEND_MULTIPLE" />
139-->app/android/AndroidManifest.xml:122:17-78
139-->app/android/AndroidManifest.xml:122:25-75
140
141                <category android:name="android.intent.category.DEFAULT" />
141-->app/android/AndroidManifest.xml:97:17-76
141-->app/android/AndroidManifest.xml:97:27-73
142
143                <data android:mimeType="image/*" />
143-->app/android/AndroidManifest.xml:64:13-71
143-->app/android/AndroidManifest.xml:64:19-68
144            </intent-filter>
145            <intent-filter>
145-->app/android/AndroidManifest.xml:126:13-130:29
146                <action android:name="android.intent.action.PROCESS_TEXT" />
146-->app/android/AndroidManifest.xml:127:17-77
146-->app/android/AndroidManifest.xml:127:25-74
147
148                <category android:name="android.intent.category.DEFAULT" />
148-->app/android/AndroidManifest.xml:97:17-76
148-->app/android/AndroidManifest.xml:97:27-73
149
150                <data android:mimeType="text/plain" />
150-->app/android/AndroidManifest.xml:64:13-71
150-->app/android/AndroidManifest.xml:64:19-68
151            </intent-filter>
152            <intent-filter>
152-->app/android/AndroidManifest.xml:131:13-135:29
153                <action android:name="android.intent.action.PROCESS_TEXT" />
153-->app/android/AndroidManifest.xml:127:17-77
153-->app/android/AndroidManifest.xml:127:25-74
154
155                <category android:name="android.intent.category.DEFAULT" />
155-->app/android/AndroidManifest.xml:97:17-76
155-->app/android/AndroidManifest.xml:97:27-73
156
157                <data android:mimeType="text/*" />
157-->app/android/AndroidManifest.xml:64:13-71
157-->app/android/AndroidManifest.xml:64:19-68
158            </intent-filter>
159            <!--
160                 Open / share any file into CWSP files-hub (Amendment A2).
161                 WHY: VIEW (open-with) and SEND/SEND_MULTIPLE of arbitrary MIME
162                 stage into app-private Temp (files/outgoing/<transferId>) and
163                 emit cwspFilesIngress; text/plain + small image/* still take the
164                 clipboard path above.
165            -->
166            <intent-filter>
166-->app/android/AndroidManifest.xml:141:13-146:29
167                <action android:name="android.intent.action.VIEW" />
167-->app/android/AndroidManifest.xml:63:13-65
167-->app/android/AndroidManifest.xml:63:21-62
168
169                <category android:name="android.intent.category.DEFAULT" />
169-->app/android/AndroidManifest.xml:97:17-76
169-->app/android/AndroidManifest.xml:97:27-73
170                <category android:name="android.intent.category.BROWSABLE" />
170-->app/android/AndroidManifest.xml:144:17-78
170-->app/android/AndroidManifest.xml:144:27-75
171
172                <data android:mimeType="*/*" />
172-->app/android/AndroidManifest.xml:64:13-71
172-->app/android/AndroidManifest.xml:64:19-68
173            </intent-filter>
174            <intent-filter>
174-->app/android/AndroidManifest.xml:147:13-151:29
175                <action android:name="android.intent.action.SEND" />
175-->app/android/AndroidManifest.xml:112:17-69
175-->app/android/AndroidManifest.xml:112:25-66
176
177                <category android:name="android.intent.category.DEFAULT" />
177-->app/android/AndroidManifest.xml:97:17-76
177-->app/android/AndroidManifest.xml:97:27-73
178
179                <data android:mimeType="*/*" />
179-->app/android/AndroidManifest.xml:64:13-71
179-->app/android/AndroidManifest.xml:64:19-68
180            </intent-filter>
181            <intent-filter>
181-->app/android/AndroidManifest.xml:152:13-156:29
182                <action android:name="android.intent.action.SEND_MULTIPLE" />
182-->app/android/AndroidManifest.xml:122:17-78
182-->app/android/AndroidManifest.xml:122:25-75
183
184                <category android:name="android.intent.category.DEFAULT" />
184-->app/android/AndroidManifest.xml:97:17-76
184-->app/android/AndroidManifest.xml:97:27-73
185
186                <data android:mimeType="*/*" />
186-->app/android/AndroidManifest.xml:64:13-71
186-->app/android/AndroidManifest.xml:64:19-68
187            </intent-filter>
188        </activity>
189
190        <service
190-->app/android/AndroidManifest.xml:159:9-166:19
191            android:name="space.u2re.cwsp.CwspBridgeService"
191-->app/android/AndroidManifest.xml:160:13-61
192            android:exported="false"
192-->app/android/AndroidManifest.xml:161:13-37
193            android:foregroundServiceType="specialUse" >
193-->app/android/AndroidManifest.xml:162:13-55
194            <property
194-->app/android/AndroidManifest.xml:163:13-165:76
195                android:name="android.app.PROPERTY_SPECIAL_USE_FGS_SUBTYPE"
195-->app/android/AndroidManifest.xml:164:17-76
196                android:value="CWSP clipboard sync and bridge keepalive" />
196-->app/android/AndroidManifest.xml:165:17-73
197        </service>
198
199        <!--
200             WHY: files Accept must outlive BroadcastReceiver goAsync (~10s) or
201             the notif stays stuck on Accepting… (L-196 / large HTTP pull).
202        -->
203        <service
203-->app/android/AndroidManifest.xml:170:9-177:19
204            android:name="space.u2re.cwsp.FilesAcceptService"
204-->app/android/AndroidManifest.xml:171:13-62
205            android:exported="false"
205-->app/android/AndroidManifest.xml:172:13-37
206            android:foregroundServiceType="specialUse" >
206-->app/android/AndroidManifest.xml:173:13-55
207            <property
207-->app/android/AndroidManifest.xml:163:13-165:76
208                android:name="android.app.PROPERTY_SPECIAL_USE_FGS_SUBTYPE"
208-->app/android/AndroidManifest.xml:164:17-76
209                android:value="CWSP files Accept download and landing" />
209-->app/android/AndroidManifest.xml:165:17-73
210        </service>
211
212        <!--
213             WHY: Accept/Undo/Share/Erase need a brief foreground Activity so
214             ClipboardManager.setPrimaryClip is allowed (Android 10+). Dismiss
215             stays on ClipboardPromptReceiver (no OS write).
216        -->
217        <activity
217-->app/android/AndroidManifest.xml:182:9-189:40
218            android:name="space.u2re.cwsp.ClipboardPromptActivity"
218-->app/android/AndroidManifest.xml:183:13-67
219            android:excludeFromRecents="true"
219-->app/android/AndroidManifest.xml:186:13-46
220            android:exported="false"
220-->app/android/AndroidManifest.xml:185:13-37
221            android:launchMode="singleTask"
221-->app/android/AndroidManifest.xml:188:13-44
222            android:noHistory="true"
222-->app/android/AndroidManifest.xml:189:13-37
223            android:taskAffinity=""
223-->app/android/AndroidManifest.xml:187:13-36
224            android:theme="@style/AppTheme.ShareOverlay" />
224-->app/android/AndroidManifest.xml:184:13-57
225
226        <!--
227             WHY: Files saved Open File / Open in Folder / Share must start from
228             a foreground Activity — BroadcastReceiver→startActivity is blocked
229             by BAL on Android 10+ (buttons appeared dead for single downloads).
230        -->
231        <activity
231-->app/android/AndroidManifest.xml:194:9-201:40
232            android:name="space.u2re.cwsp.FilesPromptActivity"
232-->app/android/AndroidManifest.xml:195:13-63
233            android:excludeFromRecents="true"
233-->app/android/AndroidManifest.xml:198:13-46
234            android:exported="false"
234-->app/android/AndroidManifest.xml:197:13-37
235            android:launchMode="singleTask"
235-->app/android/AndroidManifest.xml:200:13-44
236            android:noHistory="true"
236-->app/android/AndroidManifest.xml:201:13-37
237            android:taskAffinity=""
237-->app/android/AndroidManifest.xml:199:13-36
238            android:theme="@style/AppTheme.ShareOverlay" />
238-->app/android/AndroidManifest.xml:196:13-57
239
240        <!-- WHY: Control pairing Accept/Deny (+ dialog when notifications disabled). -->
241        <activity
241-->app/android/AndroidManifest.xml:204:9-211:40
242            android:name="space.u2re.cwsp.ControlPairActivity"
242-->app/android/AndroidManifest.xml:205:13-63
243            android:excludeFromRecents="true"
243-->app/android/AndroidManifest.xml:208:13-46
244            android:exported="false"
244-->app/android/AndroidManifest.xml:207:13-37
245            android:launchMode="singleTask"
245-->app/android/AndroidManifest.xml:210:13-44
246            android:noHistory="true"
246-->app/android/AndroidManifest.xml:211:13-37
247            android:taskAffinity=""
247-->app/android/AndroidManifest.xml:209:13-36
248            android:theme="@style/AppTheme.ShareOverlay" />
248-->app/android/AndroidManifest.xml:206:13-57
249
250        <!--
251             WHY: phase-2 clipboard prompt notification actions (Accept/Dismiss/
252             Undo/Share/Erase) are delivered as broadcasts to this receiver, which
253             delegates to CwspBridgeService. exported=false — app-internal only.
254             Accept/Undo/Share/Erase also have Activity PendingIntents; receiver
255             remains for Dismiss and compatibility.
256        -->
257        <receiver
257-->app/android/AndroidManifest.xml:218:9-230:20
258            android:name="space.u2re.cwsp.ClipboardPromptReceiver"
258-->app/android/AndroidManifest.xml:219:13-67
259            android:exported="false" >
259-->app/android/AndroidManifest.xml:220:13-37
260            <intent-filter>
260-->app/android/AndroidManifest.xml:221:13-229:29
261                <action android:name="space.u2re.cwsp.CLIPBOARD_ACCEPT" />
261-->app/android/AndroidManifest.xml:222:17-75
261-->app/android/AndroidManifest.xml:222:25-72
262                <action android:name="space.u2re.cwsp.CLIPBOARD_OPEN_URL" />
262-->app/android/AndroidManifest.xml:223:17-77
262-->app/android/AndroidManifest.xml:223:25-74
263                <action android:name="space.u2re.cwsp.CLIPBOARD_DISMISS" />
263-->app/android/AndroidManifest.xml:224:17-76
263-->app/android/AndroidManifest.xml:224:25-73
264                <action android:name="space.u2re.cwsp.CLIPBOARD_UNDO" />
264-->app/android/AndroidManifest.xml:225:17-73
264-->app/android/AndroidManifest.xml:225:25-70
265                <action android:name="space.u2re.cwsp.CLIPBOARD_SHARE" />
265-->app/android/AndroidManifest.xml:226:17-74
265-->app/android/AndroidManifest.xml:226:25-71
266                <action android:name="space.u2re.cwsp.CLIPBOARD_ERASE" />
266-->app/android/AndroidManifest.xml:227:17-74
266-->app/android/AndroidManifest.xml:227:25-71
267                <action android:name="space.u2re.cwsp.CLIPBOARD_DOWNLOAD" />
267-->app/android/AndroidManifest.xml:228:17-77
267-->app/android/AndroidManifest.xml:228:25-74
268            </intent-filter>
269        </receiver>
270        <receiver
270-->app/android/AndroidManifest.xml:232:9-239:20
271            android:name="space.u2re.cwsp.ControlPairReceiver"
271-->app/android/AndroidManifest.xml:233:13-63
272            android:exported="false" >
272-->app/android/AndroidManifest.xml:234:13-37
273            <intent-filter>
273-->app/android/AndroidManifest.xml:235:13-238:29
274                <action android:name="space.u2re.cwsp.CONTROL_PAIR_ACCEPT" />
274-->app/android/AndroidManifest.xml:236:17-78
274-->app/android/AndroidManifest.xml:236:25-75
275                <action android:name="space.u2re.cwsp.CONTROL_PAIR_DENY" />
275-->app/android/AndroidManifest.xml:237:17-76
275-->app/android/AndroidManifest.xml:237:25-73
276            </intent-filter>
277        </receiver>
278
279        <!--
280             WHY (Bug A/B): files prompt notification actions (outgoing-share
281             Dismiss + inbound files:offer Accept/Decline) are delivered as
282             broadcasts to this receiver. exported=false — app-internal only.
283             Mirrors ClipboardPromptReceiver's static manifest pattern so the
284             PendingIntents stay deliverable even when the OS killed the app.
285        -->
286        <receiver
286-->app/android/AndroidManifest.xml:246:9-259:20
287            android:name="space.u2re.cwsp.FilesPromptReceiver"
287-->app/android/AndroidManifest.xml:247:13-63
288            android:exported="false" >
288-->app/android/AndroidManifest.xml:248:13-37
289            <intent-filter>
289-->app/android/AndroidManifest.xml:249:13-258:29
290                <action android:name="space.u2re.cwsp.FILES_INCOMING_ACCEPT" />
290-->app/android/AndroidManifest.xml:250:17-80
290-->app/android/AndroidManifest.xml:250:25-77
291                <action android:name="space.u2re.cwsp.FILES_INCOMING_DECLINE" />
291-->app/android/AndroidManifest.xml:251:17-81
291-->app/android/AndroidManifest.xml:251:25-78
292                <action android:name="space.u2re.cwsp.FILES_INCOMING_ABORT" />
292-->app/android/AndroidManifest.xml:252:17-79
292-->app/android/AndroidManifest.xml:252:25-76
293                <action android:name="space.u2re.cwsp.FILES_SHARE_LANDING" />
293-->app/android/AndroidManifest.xml:253:17-78
293-->app/android/AndroidManifest.xml:253:25-75
294                <action android:name="space.u2re.cwsp.FILES_OPEN_LANDING" />
294-->app/android/AndroidManifest.xml:254:17-77
294-->app/android/AndroidManifest.xml:254:25-74
295                <action android:name="space.u2re.cwsp.FILES_OPEN_FILE" />
295-->app/android/AndroidManifest.xml:255:17-74
295-->app/android/AndroidManifest.xml:255:25-71
296                <action android:name="space.u2re.cwsp.FILES_OUTGOING_DISMISS" />
296-->app/android/AndroidManifest.xml:256:17-81
296-->app/android/AndroidManifest.xml:256:25-78
297                <action android:name="space.u2re.cwsp.FILES_OUTGOING_ABORT" />
297-->app/android/AndroidManifest.xml:257:17-79
297-->app/android/AndroidManifest.xml:257:25-76
298            </intent-filter>
299        </receiver>
300
301        <provider
302            android:name="androidx.core.content.FileProvider"
302-->app/android/AndroidManifest.xml:262:13-62
303            android:authorities="space.u2re.cwsp.fileprovider"
303-->app/android/AndroidManifest.xml:263:13-64
304            android:exported="false"
304-->app/android/AndroidManifest.xml:264:13-37
305            android:grantUriPermissions="true" >
305-->app/android/AndroidManifest.xml:265:13-47
306            <meta-data
306-->app/android/AndroidManifest.xml:266:13-268:54
307                android:name="android.support.FILE_PROVIDER_PATHS"
307-->app/android/AndroidManifest.xml:267:17-67
308                android:resource="@xml/file_paths" />
308-->app/android/AndroidManifest.xml:268:17-51
309        </provider>
310
311        <!--
312          WHY: surface app-private files/ (outgoing/incoming/landing) in system
313          Files / SAF explorers. App-specific storage is not browsable under
314          Android/data; MANAGE_EXTERNAL_STORAGE is Play-restricted and still
315          cannot open other apps' private dirs.
316          Ref: https://developer.android.com/guide/topics/providers/document-provider
317        -->
318        <provider
319            android:name="emission.CwspFilesDocumentsProvider"
319-->app/android/AndroidManifest.xml:279:13-63
320            android:authorities="space.u2re.cwsp.files"
320-->app/android/AndroidManifest.xml:280:13-57
321            android:exported="true"
321-->app/android/AndroidManifest.xml:281:13-36
322            android:grantUriPermissions="true"
322-->app/android/AndroidManifest.xml:282:13-47
323            android:permission="android.permission.MANAGE_DOCUMENTS" >
323-->app/android/AndroidManifest.xml:283:13-69
324            <intent-filter>
324-->app/android/AndroidManifest.xml:284:13-286:29
325                <action android:name="android.content.action.DOCUMENTS_PROVIDER" />
325-->app/android/AndroidManifest.xml:285:17-84
325-->app/android/AndroidManifest.xml:285:25-81
326            </intent-filter>
327        </provider>
328        <provider
328-->[androidx.emoji2:emoji2:1.3.0] AndroidManifest.xml:24:9-32:20
329            android:name="androidx.startup.InitializationProvider"
329-->[androidx.emoji2:emoji2:1.3.0] AndroidManifest.xml:25:13-67
330            android:authorities="space.u2re.cwsp.androidx-startup"
330-->[androidx.emoji2:emoji2:1.3.0] AndroidManifest.xml:26:13-68
331            android:exported="false" >
331-->[androidx.emoji2:emoji2:1.3.0] AndroidManifest.xml:27:13-37
332            <meta-data
332-->[androidx.emoji2:emoji2:1.3.0] AndroidManifest.xml:29:13-31:52
333                android:name="androidx.emoji2.text.EmojiCompatInitializer"
333-->[androidx.emoji2:emoji2:1.3.0] AndroidManifest.xml:30:17-75
334                android:value="androidx.startup" />
334-->[androidx.emoji2:emoji2:1.3.0] AndroidManifest.xml:31:17-49
335            <meta-data
335-->[androidx.lifecycle:lifecycle-process:2.6.2] AndroidManifest.xml:29:13-31:52
336                android:name="androidx.lifecycle.ProcessLifecycleInitializer"
336-->[androidx.lifecycle:lifecycle-process:2.6.2] AndroidManifest.xml:30:17-78
337                android:value="androidx.startup" />
337-->[androidx.lifecycle:lifecycle-process:2.6.2] AndroidManifest.xml:31:17-49
338            <meta-data
338-->[androidx.profileinstaller:profileinstaller:1.4.0] AndroidManifest.xml:29:13-31:52
339                android:name="androidx.profileinstaller.ProfileInstallerInitializer"
339-->[androidx.profileinstaller:profileinstaller:1.4.0] AndroidManifest.xml:30:17-85
340                android:value="androidx.startup" />
340-->[androidx.profileinstaller:profileinstaller:1.4.0] AndroidManifest.xml:31:17-49
341        </provider>
342
343        <receiver
343-->[androidx.profileinstaller:profileinstaller:1.4.0] AndroidManifest.xml:34:9-52:20
344            android:name="androidx.profileinstaller.ProfileInstallReceiver"
344-->[androidx.profileinstaller:profileinstaller:1.4.0] AndroidManifest.xml:35:13-76
345            android:directBootAware="false"
345-->[androidx.profileinstaller:profileinstaller:1.4.0] AndroidManifest.xml:36:13-44
346            android:enabled="true"
346-->[androidx.profileinstaller:profileinstaller:1.4.0] AndroidManifest.xml:37:13-35
347            android:exported="true"